C:\Program Files (x86)\Microsoft Visual Studio\2017\Community\Common7\IDE\VC\VCTargets\Microsoft.CppCommon.targets(361,5): warning MSB8015: Forzando la recompilación de todos los archivos de código fuente porque el contenido de "C:\Users\Usuario\Documents\GitHub\Racing-Game\Physics3D_class5 - solution\Debug\3D Physi.746CC4C3.tlog\CL.command.1.tlog" no es válido.
  Omitiendo... (no se detectaron cambios relevantes)
  Timer.cpp
  Primitive.cpp
  PhysVehicle3D.cpp
  PhysBody3D.cpp
  ModuleWindow.cpp
  ModuleSceneIntro.cpp
  ModuleRenderer3D.cpp
  ModulePlayer.cpp
  ModulePhysics3D.cpp
  ModuleInput.cpp
  ModuleCamera3D.cpp
  ModuleAudio.cpp
  Main.cpp
  log.cpp
  Light.cpp
  glmath.cpp
  Color.cpp
  Application.cpp
C:\Program Files (x86)\Microsoft Visual Studio\2017\Community\Common7\IDE\VC\VCTargets\Microsoft.CppCommon.targets(361,5): warning MSB8015: Forzando la recompilación de todos los archivos de código fuente porque el contenido de "C:\Users\Usuario\Documents\GitHub\Racing-Game\Physics3D_class5 - solution\Debug\3D Physi.746CC4C3.tlog\CL.command.1.tlog" no es válido.
  LINK : no se encontró C:\Users\Usuario\Documents\GitHub\Racing-Game\Physics3D_class5 - solution\Debug\3D Physics - class5.exe o no lo generó el último vínculo incremental; ejecutando vínculo completo
BulletDynamics_debug.lib(btDiscreteDynamicsWorld.obj) : warning LNK4204: falta información de depuración de 'C:\Users\Usuario\Documents\GitHub\Racing-Game\Physics3D_class5 - solution\Debug\vc140.pdb' para hacer referencia al módulo; se vinculará el objeto sin tener en cuenta información de depuración
BulletDynamics_debug.lib(btRigidBody.obj) : warning LNK4204: falta información de depuración de 'C:\Users\Usuario\Documents\GitHub\Racing-Game\Physics3D_class5 - solution\Debug\vc140.pdb' para hacer referencia al módulo; se vinculará el objeto sin tener en cuenta información de depuración
BulletDynamics_debug.lib(btConeTwistConstraint.obj) : warning LNK4204: falta información de depuración de 'C:\Users\Usuario\Documents\GitHub\Racing-Game\Physics3D_class5 - solution\Debug\vc140.pdb' para hacer referencia al módulo; se vinculará el objeto sin tener en cuenta información de depuración
BulletDynamics_debug.lib(btContactConstraint.obj) : warning LNK4204: falta información de depuración de 'C:\Users\Usuario\Documents\GitHub\Racing-Game\Physics3D_class5 - solution\Debug\vc140.pdb' para hacer referencia al módulo; se vinculará el objeto sin tener en cuenta información de depuración
BulletDynamics_debug.lib(btGeneric6DofConstraint.obj) : warning LNK4204: falta información de depuración de 'C:\Users\Usuario\Documents\GitHub\Racing-Game\Physics3D_class5 - solution\Debug\vc140.pdb' para hacer referencia al módulo; se vinculará el objeto sin tener en cuenta información de depuración
BulletDynamics_debug.lib(btHingeConstraint.obj) : warning LNK4204: falta información de depuración de 'C:\Users\Usuario\Documents\GitHub\Racing-Game\Physics3D_class5 - solution\Debug\vc140.pdb' para hacer referencia al módulo; se vinculará el objeto sin tener en cuenta información de depuración
BulletDynamics_debug.lib(btPoint2PointConstraint.obj) : warning LNK4204: falta información de depuración de 'C:\Users\Usuario\Documents\GitHub\Racing-Game\Physics3D_class5 - solution\Debug\vc140.pdb' para hacer referencia al módulo; se vinculará el objeto sin tener en cuenta información de depuración
BulletDynamics_debug.lib(btSequentialImpulseConstraintSolver.obj) : warning LNK4204: falta información de depuración de 'C:\Users\Usuario\Documents\GitHub\Racing-Game\Physics3D_class5 - solution\Debug\vc140.pdb' para hacer referencia al módulo; se vinculará el objeto sin tener en cuenta información de depuración
BulletDynamics_debug.lib(btTypedConstraint.obj) : warning LNK4204: falta información de depuración de 'C:\Users\Usuario\Documents\GitHub\Racing-Game\Physics3D_class5 - solution\Debug\vc140.pdb' para hacer referencia al módulo; se vinculará el objeto sin tener en cuenta información de depuración
BulletDynamics_debug.lib(btRaycastVehicle.obj) : warning LNK4204: falta información de depuración de 'C:\Users\Usuario\Documents\GitHub\Racing-Game\Physics3D_class5 - solution\Debug\vc140.pdb' para hacer referencia al módulo; se vinculará el objeto sin tener en cuenta información de depuración
BulletDynamics_debug.lib(btWheelInfo.obj) : warning LNK4204: falta información de depuración de 'C:\Users\Usuario\Documents\GitHub\Racing-Game\Physics3D_class5 - solution\Debug\vc140.pdb' para hacer referencia al módulo; se vinculará el objeto sin tener en cuenta información de depuración
BulletCollision_debug.lib(btCollisionAlgorithm.obj) : warning LNK4204: falta información de depuración de 'C:\Users\Usuario\Documents\GitHub\Racing-Game\Physics3D_class5 - solution\Debug\vc140.pdb' para hacer referencia al módulo; se vinculará el objeto sin tener en cuenta información de depuración
BulletCollision_debug.lib(btDbvt.obj) : warning LNK4204: falta información de depuración de 'C:\Users\Usuario\Documents\GitHub\Racing-Game\Physics3D_class5 - solution\Debug\vc140.pdb' para hacer referencia al módulo; se vinculará el objeto sin tener en cuenta información de depuración
BulletCollision_debug.lib(btDbvtBroadphase.obj) : warning LNK4204: falta información de depuración de 'C:\Users\Usuario\Documents\GitHub\Racing-Game\Physics3D_class5 - solution\Debug\vc140.pdb' para hacer referencia al módulo; se vinculará el objeto sin tener en cuenta información de depuración
BulletCollision_debug.lib(btDispatcher.obj) : warning LNK4204: falta información de depuración de 'C:\Users\Usuario\Documents\GitHub\Racing-Game\Physics3D_class5 - solution\Debug\vc140.pdb' para hacer referencia al módulo; se vinculará el objeto sin tener en cuenta información de depuración
BulletCollision_debug.lib(btOverlappingPairCache.obj) : warning LNK4204: falta información de depuración de 'C:\Users\Usuario\Documents\GitHub\Racing-Game\Physics3D_class5 - solution\Debug\vc140.pdb' para hacer referencia al módulo; se vinculará el objeto sin tener en cuenta información de depuración
BulletCollision_debug.lib(btQuantizedBvh.obj) : warning LNK4204: falta información de depuración de 'C:\Users\Usuario\Documents\GitHub\Racing-Game\Physics3D_class5 - solution\Debug\vc140.pdb' para hacer referencia al módulo; se vinculará el objeto sin tener en cuenta información de depuración
BulletCollision_debug.lib(btActivatingCollisionAlgorithm.obj) : warning LNK4204: falta información de depuración de 'C:\Users\Usuario\Documents\GitHub\Racing-Game\Physics3D_class5 - solution\Debug\vc140.pdb' para hacer referencia al módulo; se vinculará el objeto sin tener en cuenta información de depuración
BulletCollision_debug.lib(btBoxBoxCollisionAlgorithm.obj) : warning LNK4204: falta información de depuración de 'C:\Users\Usuario\Documents\GitHub\Racing-Game\Physics3D_class5 - solution\Debug\vc140.pdb' para hacer referencia al módulo; se vinculará el objeto sin tener en cuenta información de depuración
BulletCollision_debug.lib(btBoxBoxDetector.obj) : warning LNK4204: falta información de depuración de 'C:\Users\Usuario\Documents\GitHub\Racing-Game\Physics3D_class5 - solution\Debug\vc140.pdb' para hacer referencia al módulo; se vinculará el objeto sin tener en cuenta información de depuración
BulletCollision_debug.lib(btCollisionDispatcher.obj) : warning LNK4204: falta información de depuración de 'C:\Users\Usuario\Documents\GitHub\Racing-Game\Physics3D_class5 - solution\Debug\vc140.pdb' para hacer referencia al módulo; se vinculará el objeto sin tener en cuenta información de depuración
BulletCollision_debug.lib(btCollisionObject.obj) : warning LNK4204: falta información de depuración de 'C:\Users\Usuario\Documents\GitHub\Racing-Game\Physics3D_class5 - solution\Debug\vc140.pdb' para hacer referencia al módulo; se vinculará el objeto sin tener en cuenta información de depuración
BulletCollision_debug.lib(btCollisionWorld.obj) : warning LNK4204: falta información de depuración de 'C:\Users\Usuario\Documents\GitHub\Racing-Game\Physics3D_class5 - solution\Debug\vc140.pdb' para hacer referencia al módulo; se vinculará el objeto sin tener en cuenta información de depuración
BulletCollision_debug.lib(btCompoundCollisionAlgorithm.obj) : warning LNK4204: falta información de depuración de 'C:\Users\Usuario\Documents\GitHub\Racing-Game\Physics3D_class5 - solution\Debug\vc140.pdb' para hacer referencia al módulo; se vinculará el objeto sin tener en cuenta información de depuración
BulletCollision_debug.lib(btCompoundCompoundCollisionAlgorithm.obj) : warning LNK4204: falta información de depuración de 'C:\Users\Usuario\Documents\GitHub\Racing-Game\Physics3D_class5 - solution\Debug\vc140.pdb' para hacer referencia al módulo; se vinculará el objeto sin tener en cuenta información de depuración
BulletCollision_debug.lib(btConvexConcaveCollisionAlgorithm.obj) : warning LNK4204: falta información de depuración de 'C:\Users\Usuario\Documents\GitHub\Racing-Game\Physics3D_class5 - solution\Debug\vc140.pdb' para hacer referencia al módulo; se vinculará el objeto sin tener en cuenta información de depuración
BulletCollision_debug.lib(btConvexConvexAlgorithm.obj) : warning LNK4204: falta información de depuración de 'C:\Users\Usuario\Documents\GitHub\Racing-Game\Physics3D_class5 - solution\Debug\vc140.pdb' para hacer referencia al módulo; se vinculará el objeto sin tener en cuenta información de depuración
BulletCollision_debug.lib(btConvexPlaneCollisionAlgorithm.obj) : warning LNK4204: falta información de depuración de 'C:\Users\Usuario\Documents\GitHub\Racing-Game\Physics3D_class5 - solution\Debug\vc140.pdb' para hacer referencia al módulo; se vinculará el objeto sin tener en cuenta información de depuración
BulletCollision_debug.lib(btDefaultCollisionConfiguration.obj) : warning LNK4204: falta información de depuración de 'C:\Users\Usuario\Documents\GitHub\Racing-Game\Physics3D_class5 - solution\Debug\vc140.pdb' para hacer referencia al módulo; se vinculará el objeto sin tener en cuenta información de depuración
BulletCollision_debug.lib(btEmptyCollisionAlgorithm.obj) : warning LNK4204: falta información de depuración de 'C:\Users\Usuario\Documents\GitHub\Racing-Game\Physics3D_class5 - solution\Debug\vc140.pdb' para hacer referencia al módulo; se vinculará el objeto sin tener en cuenta información de depuración
BulletCollision_debug.lib(btHashedSimplePairCache.obj) : warning LNK4204: falta información de depuración de 'C:\Users\Usuario\Documents\GitHub\Racing-Game\Physics3D_class5 - solution\Debug\vc140.pdb' para hacer referencia al módulo; se vinculará el objeto sin tener en cuenta información de depuración
BulletCollision_debug.lib(btManifoldResult.obj) : warning LNK4204: falta información de depuración de 'C:\Users\Usuario\Documents\GitHub\Racing-Game\Physics3D_class5 - solution\Debug\vc140.pdb' para hacer referencia al módulo; se vinculará el objeto sin tener en cuenta información de depuración
BulletCollision_debug.lib(btSimulationIslandManager.obj) : warning LNK4204: falta información de depuración de 'C:\Users\Usuario\Documents\GitHub\Racing-Game\Physics3D_class5 - solution\Debug\vc140.pdb' para hacer referencia al módulo; se vinculará el objeto sin tener en cuenta información de depuración
BulletCollision_debug.lib(btSphereSphereCollisionAlgorithm.obj) : warning LNK4204: falta información de depuración de 'C:\Users\Usuario\Documents\GitHub\Racing-Game\Physics3D_class5 - solution\Debug\vc140.pdb' para hacer referencia al módulo; se vinculará el objeto sin tener en cuenta información de depuración
BulletCollision_debug.lib(btSphereTriangleCollisionAlgorithm.obj) : warning LNK4204: falta información de depuración de 'C:\Users\Usuario\Documents\GitHub\Racing-Game\Physics3D_class5 - solution\Debug\vc140.pdb' para hacer referencia al módulo; se vinculará el objeto sin tener en cuenta información de depuración
BulletCollision_debug.lib(btUnionFind.obj) : warning LNK4204: falta información de depuración de 'C:\Users\Usuario\Documents\GitHub\Racing-Game\Physics3D_class5 - solution\Debug\vc140.pdb' para hacer referencia al módulo; se vinculará el objeto sin tener en cuenta información de depuración
BulletCollision_debug.lib(SphereTriangleDetector.obj) : warning LNK4204: falta información de depuración de 'C:\Users\Usuario\Documents\GitHub\Racing-Game\Physics3D_class5 - solution\Debug\vc140.pdb' para hacer referencia al módulo; se vinculará el objeto sin tener en cuenta información de depuración
BulletCollision_debug.lib(btBoxShape.obj) : warning LNK4204: falta información de depuración de 'C:\Users\Usuario\Documents\GitHub\Racing-Game\Physics3D_class5 - solution\Debug\vc140.pdb' para hacer referencia al módulo; se vinculará el objeto sin tener en cuenta información de depuración
BulletCollision_debug.lib(btBvhTriangleMeshShape.obj) : warning LNK4204: falta información de depuración de 'C:\Users\Usuario\Documents\GitHub\Racing-Game\Physics3D_class5 - solution\Debug\vc140.pdb' para hacer referencia al módulo; se vinculará el objeto sin tener en cuenta información de depuración
BulletCollision_debug.lib(btCollisionShape.obj) : warning LNK4204: falta información de depuración de 'C:\Users\Usuario\Documents\GitHub\Racing-Game\Physics3D_class5 - solution\Debug\vc140.pdb' para hacer referencia al módulo; se vinculará el objeto sin tener en cuenta información de depuración
BulletCollision_debug.lib(btCompoundShape.obj) : warning LNK4204: falta información de depuración de 'C:\Users\Usuario\Documents\GitHub\Racing-Game\Physics3D_class5 - solution\Debug\vc140.pdb' para hacer referencia al módulo; se vinculará el objeto sin tener en cuenta información de depuración
BulletCollision_debug.lib(btConcaveShape.obj) : warning LNK4204: falta información de depuración de 'C:\Users\Usuario\Documents\GitHub\Racing-Game\Physics3D_class5 - solution\Debug\vc140.pdb' para hacer referencia al módulo; se vinculará el objeto sin tener en cuenta información de depuración
BulletCollision_debug.lib(btConvexInternalShape.obj) : warning LNK4204: falta información de depuración de 'C:\Users\Usuario\Documents\GitHub\Racing-Game\Physics3D_class5 - solution\Debug\vc140.pdb' para hacer referencia al módulo; se vinculará el objeto sin tener en cuenta información de depuración
BulletCollision_debug.lib(btConvexPolyhedron.obj) : warning LNK4204: falta información de depuración de 'C:\Users\Usuario\Documents\GitHub\Racing-Game\Physics3D_class5 - solution\Debug\vc140.pdb' para hacer referencia al módulo; se vinculará el objeto sin tener en cuenta información de depuración
BulletCollision_debug.lib(btConvexShape.obj) : warning LNK4204: falta información de depuración de 'C:\Users\Usuario\Documents\GitHub\Racing-Game\Physics3D_class5 - solution\Debug\vc140.pdb' para hacer referencia al módulo; se vinculará el objeto sin tener en cuenta información de depuración
BulletCollision_debug.lib(btCylinderShape.obj) : warning LNK4204: falta información de depuración de 'C:\Users\Usuario\Documents\GitHub\Racing-Game\Physics3D_class5 - solution\Debug\vc140.pdb' para hacer referencia al módulo; se vinculará el objeto sin tener en cuenta información de depuración
BulletCollision_debug.lib(btOptimizedBvh.obj) : warning LNK4204: falta información de depuración de 'C:\Users\Usuario\Documents\GitHub\Racing-Game\Physics3D_class5 - solution\Debug\vc140.pdb' para hacer referencia al módulo; se vinculará el objeto sin tener en cuenta información de depuración
BulletCollision_debug.lib(btPolyhedralConvexShape.obj) : warning LNK4204: falta información de depuración de 'C:\Users\Usuario\Documents\GitHub\Racing-Game\Physics3D_class5 - solution\Debug\vc140.pdb' para hacer referencia al módulo; se vinculará el objeto sin tener en cuenta información de depuración
BulletCollision_debug.lib(btSphereShape.obj) : warning LNK4204: falta información de depuración de 'C:\Users\Usuario\Documents\GitHub\Racing-Game\Physics3D_class5 - solution\Debug\vc140.pdb' para hacer referencia al módulo; se vinculará el objeto sin tener en cuenta información de depuración
BulletCollision_debug.lib(btStaticPlaneShape.obj) : warning LNK4204: falta información de depuración de 'C:\Users\Usuario\Documents\GitHub\Racing-Game\Physics3D_class5 - solution\Debug\vc140.pdb' para hacer referencia al módulo; se vinculará el objeto sin tener en cuenta información de depuración
BulletCollision_debug.lib(btTriangleCallback.obj) : warning LNK4204: falta información de depuración de 'C:\Users\Usuario\Documents\GitHub\Racing-Game\Physics3D_class5 - solution\Debug\vc140.pdb' para hacer referencia al módulo; se vinculará el objeto sin tener en cuenta información de depuración
BulletCollision_debug.lib(btTriangleMeshShape.obj) : warning LNK4204: falta información de depuración de 'C:\Users\Usuario\Documents\GitHub\Racing-Game\Physics3D_class5 - solution\Debug\vc140.pdb' para hacer referencia al módulo; se vinculará el objeto sin tener en cuenta información de depuración
BulletCollision_debug.lib(btContinuousConvexCollision.obj) : warning LNK4204: falta información de depuración de 'C:\Users\Usuario\Documents\GitHub\Racing-Game\Physics3D_class5 - solution\Debug\vc140.pdb' para hacer referencia al módulo; se vinculará el objeto sin tener en cuenta información de depuración
BulletCollision_debug.lib(btConvexCast.obj) : warning LNK4204: falta información de depuración de 'C:\Users\Usuario\Documents\GitHub\Racing-Game\Physics3D_class5 - solution\Debug\vc140.pdb' para hacer referencia al módulo; se vinculará el objeto sin tener en cuenta información de depuración
BulletCollision_debug.lib(btGjkConvexCast.obj) : warning LNK4204: falta información de depuración de 'C:\Users\Usuario\Documents\GitHub\Racing-Game\Physics3D_class5 - solution\Debug\vc140.pdb' para hacer referencia al módulo; se vinculará el objeto sin tener en cuenta información de depuración
BulletCollision_debug.lib(btGjkEpa2.obj) : warning LNK4204: falta información de depuración de 'C:\Users\Usuario\Documents\GitHub\Racing-Game\Physics3D_class5 - solution\Debug\vc140.pdb' para hacer referencia al módulo; se vinculará el objeto sin tener en cuenta información de depuración
BulletCollision_debug.lib(btGjkEpaPenetrationDepthSolver.obj) : warning LNK4204: falta información de depuración de 'C:\Users\Usuario\Documents\GitHub\Racing-Game\Physics3D_class5 - solution\Debug\vc140.pdb' para hacer referencia al módulo; se vinculará el objeto sin tener en cuenta información de depuración
BulletCollision_debug.lib(btGjkPairDetector.obj) : warning LNK4204: falta información de depuración de 'C:\Users\Usuario\Documents\GitHub\Racing-Game\Physics3D_class5 - solution\Debug\vc140.pdb' para hacer referencia al módulo; se vinculará el objeto sin tener en cuenta información de depuración
BulletCollision_debug.lib(btMinkowskiPenetrationDepthSolver.obj) : warning LNK4204: falta información de depuración de 'C:\Users\Usuario\Documents\GitHub\Racing-Game\Physics3D_class5 - solution\Debug\vc140.pdb' para hacer referencia al módulo; se vinculará el objeto sin tener en cuenta información de depuración
BulletCollision_debug.lib(btPersistentManifold.obj) : warning LNK4204: falta información de depuración de 'C:\Users\Usuario\Documents\GitHub\Racing-Game\Physics3D_class5 - solution\Debug\vc140.pdb' para hacer referencia al módulo; se vinculará el objeto sin tener en cuenta información de depuración
BulletCollision_debug.lib(btPolyhedralContactClipping.obj) : warning LNK4204: falta información de depuración de 'C:\Users\Usuario\Documents\GitHub\Racing-Game\Physics3D_class5 - solution\Debug\vc140.pdb' para hacer referencia al módulo; se vinculará el objeto sin tener en cuenta información de depuración
BulletCollision_debug.lib(btRaycastCallback.obj) : warning LNK4204: falta información de depuración de 'C:\Users\Usuario\Documents\GitHub\Racing-Game\Physics3D_class5 - solution\Debug\vc140.pdb' para hacer referencia al módulo; se vinculará el objeto sin tener en cuenta información de depuración
BulletCollision_debug.lib(btSubSimplexConvexCast.obj) : warning LNK4204: falta información de depuración de 'C:\Users\Usuario\Documents\GitHub\Racing-Game\Physics3D_class5 - solution\Debug\vc140.pdb' para hacer referencia al módulo; se vinculará el objeto sin tener en cuenta información de depuración
BulletCollision_debug.lib(btVoronoiSimplexSolver.obj) : warning LNK4204: falta información de depuración de 'C:\Users\Usuario\Documents\GitHub\Racing-Game\Physics3D_class5 - solution\Debug\vc140.pdb' para hacer referencia al módulo; se vinculará el objeto sin tener en cuenta información de depuración
LinearMath_debug.lib(btAlignedAllocator.obj) : warning LNK4204: falta información de depuración de 'C:\Users\Usuario\Documents\GitHub\Racing-Game\Physics3D_class5 - solution\Debug\vc140.pdb' para hacer referencia al módulo; se vinculará el objeto sin tener en cuenta información de depuración
LinearMath_debug.lib(btConvexHullComputer.obj) : warning LNK4204: falta información de depuración de 'C:\Users\Usuario\Documents\GitHub\Racing-Game\Physics3D_class5 - solution\Debug\vc140.pdb' para hacer referencia al módulo; se vinculará el objeto sin tener en cuenta información de depuración
LinearMath_debug.lib(btGeometryUtil.obj) : warning LNK4204: falta información de depuración de 'C:\Users\Usuario\Documents\GitHub\Racing-Game\Physics3D_class5 - solution\Debug\vc140.pdb' para hacer referencia al módulo; se vinculará el objeto sin tener en cuenta información de depuración
LinearMath_debug.lib(btQuickprof.obj) : warning LNK4204: falta información de depuración de 'C:\Users\Usuario\Documents\GitHub\Racing-Game\Physics3D_class5 - solution\Debug\vc140.pdb' para hacer referencia al módulo; se vinculará el objeto sin tener en cuenta información de depuración
LinearMath_debug.lib(btVector3.obj) : warning LNK4204: falta información de depuración de 'C:\Users\Usuario\Documents\GitHub\Racing-Game\Physics3D_class5 - solution\Debug\vc140.pdb' para hacer referencia al módulo; se vinculará el objeto sin tener en cuenta información de depuración
  3D Physics.vcxproj -> C:\Users\Usuario\Documents\GitHub\Racing-Game\Physics3D_class5 - solution\Debug\3D Physics - class5.exe
